<?xml version="1.0" encoding="UTF-8"?>
<Site BuildName="Linux-g++"
	BuildStamp="20240111-0835-Experimental"
	Name="yash-IdeaPad-Gaming-3-15ACH6"
	Generator="ctest-3.22.1"
	CompilerName="/usr/bin/g++"
	CompilerVersion="13.1.0"
	OSName="Linux"
	Hostname="yash-IdeaPad-Gaming-3-15ACH6"
	OSRelease="6.3.1-060301-generic"
	OSVersion="#202304302031 SMP PREEMPT_DYNAMIC Mon May  1 00:41:22 UTC 2023"
	OSPlatform="x86_64"
	Is64Bits="1"
	VendorString="AuthenticAMD"
	VendorID="Advanced Micro Devices"
	FamilyID="25"
	ModelID="80"
	ProcessorCacheSize="512"
	NumberOfLogicalCPU="16"
	NumberOfPhysicalCPU="8"
	TotalVirtualMemory="2047"
	TotalPhysicalMemory="13800"
	LogicalProcessorsPerPhysical="2"
	ProcessorClockFrequency="4441.46"
	>
	<Testing>
		<StartDateTime>Jan 11 14:05 IST</StartDateTime>
		<StartTestTime>1704962142</StartTestTime>
		<TestList/>
		<EndDateTime>Jan 11 14:05 IST</EndDateTime>
		<EndTestTime>1704962142</EndTestTime>
		<ElapsedMinutes>0</ElapsedMinutes>
	</Testing>
</Site>
